<?xml version="1.0" encoding="UTF-8"?>
<testng-results ignored="0" total="1" passed="1" failed="0" skipped="0">
  <reporter-output>
  </reporter-output>
  <suite started-at="2023-05-12T12:54:14 EDT" name="Suite" finished-at="2023-05-12T12:54:24 EDT" duration-ms="10273">
    <groups>
    </groups>
    <test started-at="2023-05-12T12:54:14 EDT" name="Test" finished-at="2023-05-12T12:54:24 EDT" duration-ms="10273">
      <class name="TestCases.TC_001_AccountRegistrationTest">
        <test-method is-config="true" signature="setup()[pri:0, instance:TestCases.TC_001_AccountRegistrationTest@7ec7ffd3]" started-at="2023-05-12T12:54:14 EDT" name="setup" finished-at="2023-05-12T12:54:21 EDT" duration-ms="7388" status="PASS">
          <reporter-output>
          </reporter-output>
        </test-method> <!-- setup -->
        <test-method signature="Registration()[pri:0, instance:TestCases.TC_001_AccountRegistrationTest@7ec7ffd3]" started-at="2023-05-12T12:54:21 EDT" name="Registration" finished-at="2023-05-12T12:54:24 EDT" duration-ms="2611" status="PASS">
          <reporter-output>
          </reporter-output>
        </test-method> <!-- Registration -->
        <test-method is-config="true" signature="tearDown()[pri:0, instance:TestCases.TC_001_AccountRegistrationTest@7ec7ffd3]" started-at="2023-05-12T12:54:24 EDT" name="tearDown" finished-at="2023-05-12T12:54:24 EDT" duration-ms="221" status="PASS">
          <reporter-output>
          </reporter-output>
        </test-method> <!-- tearDown -->
      </class> <!-- TestCases.TC_001_AccountRegistrationTest -->
    </test> <!-- Test -->
  </suite> <!-- Suite -->
</testng-results>
