<?xml version="1.0" encoding="UTF-8"?>
<testng-results ignored="0" total="1" passed="1" failed="0" skipped="0">
  <reporter-output>
  </reporter-output>
  <suite started-at="2023-05-15T11:44:53 EDT" name="Suite" finished-at="2023-05-15T11:44:59 EDT" duration-ms="5576">
    <groups>
    </groups>
    <test started-at="2023-05-15T11:44:53 EDT" name="Test" finished-at="2023-05-15T11:44:59 EDT" duration-ms="5576">
      <class name="TestCases.TC_001_AccountRegistrationTest">
        <test-method is-config="true" signature="setup()[pri:0, instance:TestCases.TC_001_AccountRegistrationTest@6b81ce95]" started-at="2023-05-15T11:44:53 EDT" name="setup" finished-at="2023-05-15T11:44:57 EDT" duration-ms="3833" status="PASS">
          <reporter-output>
          </reporter-output>
        </test-method> <!-- setup -->
        <test-method signature="Registration()[pri:0, instance:TestCases.TC_001_AccountRegistrationTest@6b81ce95]" started-at="2023-05-15T11:44:57 EDT" name="Registration" finished-at="2023-05-15T11:44:58 EDT" duration-ms="1500" status="PASS">
          <reporter-output>
          </reporter-output>
        </test-method> <!-- Registration -->
        <test-method is-config="true" signature="tearDown()[pri:0, instance:TestCases.TC_001_AccountRegistrationTest@6b81ce95]" started-at="2023-05-15T11:44:58 EDT" name="tearDown" finished-at="2023-05-15T11:44:59 EDT" duration-ms="192" status="PASS">
          <reporter-output>
          </reporter-output>
        </test-method> <!-- tearDown -->
      </class> <!-- TestCases.TC_001_AccountRegistrationTest -->
    </test> <!-- Test -->
  </suite> <!-- Suite -->
</testng-results>
